<?xml version="1.0" encoding="UTF-8"?>
<!-- Generated by org.testng.reporters.JUnitReportReporter -->
<testsuite skipped="0" hostname="Jinus-MBP" name="TestClass1" tests="2" failures="0" timestamp="18 Jul 2018 04:51:18 GMT" time="3.509" errors="0">
  <testcase name="Testcase1" time="1.478" classname="TestClass1"/>
  <testcase name="Testcase2" time="2.031" classname="TestClass1"/>
</testsuite> <!-- TestClass1 -->
